TN:
SF:/Users/iguest/go/src/github.com/info344-a17/info344-in-class/nodedb/taskstore.js
FN:6,(anonymous_0)
FN:9,(anonymous_1)
FN:12,(anonymous_2)
FN:14,(anonymous_3)
FN:22,(anonymous_4)
FN:24,(anonymous_5)
FN:27,(anonymous_6)
FN:30,(anonymous_7)
FNF:8
FNH:3
FNDA:1,(anonymous_0)
FNDA:1,(anonymous_1)
FNDA:1,(anonymous_2)
FNDA:0,(anonymous_3)
FNDA:0,(anonymous_4)
FNDA:0,(anonymous_5)
FNDA:0,(anonymous_6)
FNDA:0,(anonymous_7)
DA:3,1
DA:7,1
DA:10,1
DA:11,1
DA:12,1
DA:15,0
DA:18,0
DA:22,0
DA:25,0
DA:28,0
DA:31,0
DA:37,1
LF:12
LH:6
BRF:0
BRH:0
end_of_record
